<?xml version="1.0" encoding="UTF-8"?>
<coverage generated="1688095196966" clover="3.2.0">
  <project timestamp="1688095196966" name="All files">
    <metrics statements="99" coveredstatements="91" conditionals="42" coveredconditionals="29" methods="38" coveredmethods="33" elements="179" coveredelements="153" complexity="0" loc="99" ncloc="99" packages="5" files="16" classes="16"/>
    <package name="components">
      <metrics statements="69" coveredstatements="61" conditionals="40" coveredconditionals="28" methods="31" coveredmethods="26"/>
      <file name="BodyComponent.js" path="/Users/saimanojratnakaram/Documents/projects/Namaste React/Food Delivery App/src/components/BodyComponent.js">
        <metrics statements="22" coveredstatements="18" conditionals="8" coveredconditionals="5" methods="8" coveredmethods="6"/>
        <line num="9" count="1" type="stmt"/>
        <line num="10" count="1" type="stmt"/>
        <line num="11" count="16" type="stmt"/>
        <line num="13" count="1" type="stmt"/>
        <line num="16" count="1" type="stmt"/>
        <line num="19" count="9" type="stmt"/>
        <line num="20" count="8" type="stmt"/>
        <line num="21" count="8" type="stmt"/>
        <line num="22" count="8" type="stmt"/>
        <line num="25" count="8" type="stmt"/>
        <line num="26" count="3" type="stmt"/>
        <line num="30" count="8" type="stmt"/>
        <line num="31" count="0" type="cond" truecount="0" falsecount="2"/>
        <line num="32" count="0" type="stmt"/>
        <line num="36" count="8" type="stmt"/>
        <line num="37" count="1" type="stmt"/>
        <line num="38" count="1" type="stmt"/>
        <line num="40" count="8" type="stmt"/>
        <line num="41" count="0" type="stmt"/>
        <line num="42" count="0" type="stmt"/>
        <line num="47" count="8" type="cond" truecount="4" falsecount="0"/>
        <line num="63" count="1" type="stmt"/>
      </file>
      <file name="Cart.js" path="/Users/saimanojratnakaram/Documents/projects/Namaste React/Food Delivery App/src/components/Cart.js">
        <metrics statements="7" coveredstatements="7" conditionals="8" coveredconditionals="7" methods="4" coveredmethods="4"/>
        <line num="6" count="1" type="stmt"/>
        <line num="7" count="10" type="stmt"/>
        <line num="8" count="5" type="stmt"/>
        <line num="9" count="9" type="cond" truecount="1" falsecount="1"/>
        <line num="11" count="5" type="stmt"/>
        <line num="12" count="9" type="stmt"/>
        <line num="19" count="5" type="stmt"/>
      </file>
      <file name="DistItemCard.js" path="/Users/saimanojratnakaram/Documents/projects/Namaste React/Food Delivery App/src/components/DistItemCard.js">
        <metrics statements="11" coveredstatements="10" conditionals="6" coveredconditionals="5" methods="5" coveredmethods="4"/>
        <line num="7" count="1" type="stmt"/>
        <line num="8" count="36" type="stmt"/>
        <line num="9" count="36" type="stmt"/>
        <line num="10" count="36" type="stmt"/>
        <line num="11" count="172" type="stmt"/>
        <line num="13" count="36" type="stmt"/>
        <line num="14" count="36" type="stmt"/>
        <line num="15" count="3" type="stmt"/>
        <line num="17" count="36" type="stmt"/>
        <line num="18" count="0" type="stmt"/>
        <line num="20" count="36" type="stmt"/>
      </file>
      <file name="HeaderComponent.js" path="/Users/saimanojratnakaram/Documents/projects/Namaste React/Food Delivery App/src/components/HeaderComponent.js">
        <metrics statements="4" coveredstatements="4" conditionals="4" coveredconditionals="2" methods="1" coveredmethods="1"/>
        <line num="10" count="2" type="stmt"/>
        <line num="19" count="3" type="stmt"/>
        <line num="20" count="3" type="stmt"/>
        <line num="21" count="3" type="stmt"/>
      </file>
      <file name="NavList.js" path="/Users/saimanojratnakaram/Documents/projects/Namaste React/Food Delivery App/src/components/NavList.js">
        <metrics statements="4" coveredstatements="4" conditionals="4" coveredconditionals="4" methods="3" coveredmethods="3"/>
        <line num="6" count="12" type="stmt"/>
        <line num="7" count="6" type="stmt"/>
        <line num="8" count="30" type="stmt"/>
        <line num="14" count="6" type="stmt"/>
      </file>
      <file name="Pagination.js" path="/Users/saimanojratnakaram/Documents/projects/Namaste React/Food Delivery App/src/components/Pagination.js">
        <metrics statements="9" coveredstatements="6" conditionals="4" coveredconditionals="2" methods="4" coveredmethods="2"/>
        <line num="4" count="4" type="stmt"/>
        <line num="5" count="4" type="stmt"/>
        <line num="6" count="40" type="stmt"/>
        <line num="8" count="4" type="stmt"/>
        <line num="9" count="0" type="cond" truecount="0" falsecount="2"/>
        <line num="10" count="0" type="stmt"/>
        <line num="13" count="4" type="stmt"/>
        <line num="16" count="40" type="stmt"/>
        <line num="19" count="0" type="stmt"/>
      </file>
      <file name="RestaurentDetails.js" path="/Users/saimanojratnakaram/Documents/projects/Namaste React/Food Delivery App/src/components/RestaurentDetails.js">
        <metrics statements="6" coveredstatements="6" conditionals="6" coveredconditionals="3" methods="2" coveredmethods="2"/>
        <line num="6" count="1" type="stmt"/>
        <line num="7" count="4" type="stmt"/>
        <line num="9" count="4" type="stmt"/>
        <line num="10" count="4" type="stmt"/>
        <line num="12" count="24" type="stmt"/>
        <line num="14" count="4" type="cond" truecount="2" falsecount="0"/>
      </file>
      <file name="RestaurentItems.js" path="/Users/saimanojratnakaram/Documents/projects/Namaste React/Food Delivery App/src/components/RestaurentItems.js">
        <metrics statements="3" coveredstatements="3" conditionals="0" coveredconditionals="0" methods="2" coveredmethods="2"/>
        <line num="6" count="4" type="stmt"/>
        <line num="7" count="35" type="stmt"/>
        <line num="13" count="4" type="stmt"/>
      </file>
      <file name="Shimmer.js" path="/Users/saimanojratnakaram/Documents/projects/Namaste React/Food Delivery App/src/components/Shimmer.js">
        <metrics statements="3" coveredstatements="3" conditionals="0" coveredconditionals="0" methods="2" coveredmethods="2"/>
        <line num="4" count="6" type="stmt"/>
        <line num="5" count="80" type="stmt"/>
        <line num="11" count="6" type="stmt"/>
      </file>
    </package>
    <package name="hooks">
      <metrics statements="21" coveredstatements="21" conditionals="2" coveredconditionals="1" methods="7" coveredmethods="7"/>
      <file name="useRestaurentDetails.js" path="/Users/saimanojratnakaram/Documents/projects/Namaste React/Food Delivery App/src/hooks/useRestaurentDetails.js">
        <metrics statements="11" coveredstatements="11" conditionals="0" coveredconditionals="0" methods="3" coveredmethods="3"/>
        <line num="5" count="1" type="stmt"/>
        <line num="7" count="4" type="stmt"/>
        <line num="8" count="4" type="stmt"/>
        <line num="9" count="4" type="stmt"/>
        <line num="10" count="2" type="stmt"/>
        <line num="13" count="4" type="stmt"/>
        <line num="14" count="2" type="stmt"/>
        <line num="17" count="2" type="stmt"/>
        <line num="18" count="2" type="stmt"/>
        <line num="22" count="2" type="stmt"/>
        <line num="24" count="4" type="stmt"/>
      </file>
      <file name="useRestaurentsList.js" path="/Users/saimanojratnakaram/Documents/projects/Namaste React/Food Delivery App/src/hooks/useRestaurentsList.js">
        <metrics statements="10" coveredstatements="10" conditionals="2" coveredconditionals="1" methods="4" coveredmethods="4"/>
        <line num="5" count="1" type="stmt"/>
        <line num="6" count="8" type="stmt"/>
        <line num="7" count="8" type="stmt"/>
        <line num="8" count="2" type="stmt"/>
        <line num="11" count="2" type="cond" truecount="1" falsecount="1"/>
        <line num="12" count="2" type="stmt"/>
        <line num="15" count="2" type="stmt"/>
        <line num="16" count="32" type="stmt"/>
        <line num="17" count="2" type="stmt"/>
        <line num="20" count="8" type="stmt"/>
      </file>
    </package>
    <package name="mock.dummy_data">
      <metrics statements="2" coveredstatements="2" conditionals="0" coveredconditionals="0" methods="0" coveredmethods="0"/>
      <file name="dummy_restaurentItemsDetails.js" path="/Users/saimanojratnakaram/Documents/projects/Namaste React/Food Delivery App/src/mock/dummy_data/dummy_restaurentItemsDetails.js">
        <metrics statements="1" coveredstatements="1" conditionals="0" coveredconditionals="0" methods="0" coveredmethods="0"/>
        <line num="1" count="1" type="stmt"/>
      </file>
      <file name="dumy_restaurentData.js" path="/Users/saimanojratnakaram/Documents/projects/Namaste React/Food Delivery App/src/mock/dummy_data/dumy_restaurentData.js">
        <metrics statements="1" coveredstatements="1" conditionals="0" coveredconditionals="0" methods="0" coveredmethods="0"/>
        <line num="1" count="1" type="stmt"/>
      </file>
    </package>
    <package name="mock.images">
      <metrics statements="0" coveredstatements="0" conditionals="0" coveredconditionals="0" methods="0" coveredmethods="0"/>
      <file name="dummyLogo.js" path="/Users/saimanojratnakaram/Documents/projects/Namaste React/Food Delivery App/src/mock/images/dummyLogo.js">
        <metrics statements="0" coveredstatements="0" conditionals="0" coveredconditionals="0" methods="0" coveredmethods="0"/>
      </file>
    </package>
    <package name="utils">
      <metrics statements="7" coveredstatements="7" conditionals="0" coveredconditionals="0" methods="0" coveredmethods="0"/>
      <file name="constants.js" path="/Users/saimanojratnakaram/Documents/projects/Namaste React/Food Delivery App/src/utils/constants.js">
        <metrics statements="6" coveredstatements="6" conditionals="0" coveredconditionals="0" methods="0" coveredmethods="0"/>
        <line num="1" count="2" type="stmt"/>
        <line num="2" count="2" type="stmt"/>
        <line num="3" count="2" type="stmt"/>
        <line num="4" count="2" type="stmt"/>
        <line num="5" count="2" type="stmt"/>
        <line num="6" count="2" type="stmt"/>
      </file>
      <file name="store.js" path="/Users/saimanojratnakaram/Documents/projects/Namaste React/Food Delivery App/src/utils/store.js">
        <metrics statements="1" coveredstatements="1" conditionals="0" coveredconditionals="0" methods="0" coveredmethods="0"/>
        <line num="4" count="3" type="stmt"/>
      </file>
    </package>
  </project>
</coverage>
