{"/Users/saimanojratnakaram/Documents/projects/Namaste React/Food Delivery App/src/components/BodyComponent.js": {"path":"/Users/saimanojratnakaram/Documents/projects/Namaste React/Food Delivery App/src/components/BodyComponent.js","statementMap":{"0":{"start":{"line":9,"column":19},"end":{"line":14,"column":1}},"1":{"start":{"line":10,"column":14},"end":{"line":12,"column":3}},"2":{"start":{"line":11,"column":4},"end":{"line":11,"column":82}},"3":{"start":{"line":13,"column":2},"end":{"line":13,"column":13}},"4":{"start":{"line":16,"column":22},"end":{"line":88,"column":1}},"5":{"start":{"line":19,"column":56},"end":{"line":19,"column":68}},"6":{"start":{"line":20,"column":38},"end":{"line":20,"column":50}},"7":{"start":{"line":21,"column":40},"end":{"line":21,"column":51}},"8":{"start":{"line":22,"column":46},"end":{"line":22,"column":77}},"9":{"start":{"line":25,"column":2},"end":{"line":27,"column":22}},"10":{"start":{"line":26,"column":4},"end":{"line":26,"column":44}},"11":{"start":{"line":30,"column":24},"end":{"line":34,"column":3}},"12":{"start":{"line":31,"column":4},"end":{"line":33,"column":5}},"13":{"start":{"line":32,"column":6},"end":{"line":32,"column":21}},"14":{"start":{"line":36,"column":23},"end":{"line":39,"column":3}},"15":{"start":{"line":37,"column":25},"end":{"line":37,"column":64}},"16":{"start":{"line":38,"column":4},"end":{"line":38,"column":41}},"17":{"start":{"line":40,"column":27},"end":{"line":43,"column":3}},"18":{"start":{"line":41,"column":4},"end":{"line":41,"column":31}},"19":{"start":{"line":42,"column":4},"end":{"line":42,"column":28}},"20":{"start":{"line":47,"column":2},"end":{"line":87,"column":4}},"21":{"start":{"line":63,"column":14},"end":{"line":63,"column":44}}},"fnMap":{"0":{"name":"(anonymous_0)","decl":{"start":{"line":9,"column":19},"end":{"line":9,"column":20}},"loc":{"start":{"line":9,"column":48},"end":{"line":14,"column":1}},"line":9},"1":{"name":"(anonymous_1)","decl":{"start":{"line":10,"column":33},"end":{"line":10,"column":34}},"loc":{"start":{"line":11,"column":4},"end":{"line":11,"column":82}},"line":11},"2":{"name":"(anonymous_2)","decl":{"start":{"line":16,"column":22},"end":{"line":16,"column":23}},"loc":{"start":{"line":16,"column":28},"end":{"line":88,"column":1}},"line":16},"3":{"name":"(anonymous_3)","decl":{"start":{"line":25,"column":12},"end":{"line":25,"column":13}},"loc":{"start":{"line":25,"column":16},"end":{"line":27,"column":3}},"line":25},"4":{"name":"(anonymous_4)","decl":{"start":{"line":30,"column":24},"end":{"line":30,"column":25}},"loc":{"start":{"line":30,"column":33},"end":{"line":34,"column":3}},"line":30},"5":{"name":"(anonymous_5)","decl":{"start":{"line":36,"column":23},"end":{"line":36,"column":24}},"loc":{"start":{"line":36,"column":29},"end":{"line":39,"column":3}},"line":36},"6":{"name":"(anonymous_6)","decl":{"start":{"line":40,"column":27},"end":{"line":40,"column":28}},"loc":{"start":{"line":40,"column":39},"end":{"line":43,"column":3}},"line":40},"7":{"name":"(anonymous_7)","decl":{"start":{"line":62,"column":22},"end":{"line":62,"column":23}},"loc":{"start":{"line":62,"column":29},"end":{"line":64,"column":13}},"line":62}},"branchMap":{"0":{"loc":{"start":{"line":31,"column":4},"end":{"line":33,"column":5}},"type":"if","locations":[{"start":{"line":31,"column":4},"end":{"line":33,"column":5}},{"start":{},"end":{}}],"line":31},"1":{"loc":{"start":{"line":47,"column":9},"end":{"line":87,"column":3}},"type":"cond-expr","locations":[{"start":{"line":48,"column":4},"end":{"line":50,"column":10}},{"start":{"line":52,"column":4},"end":{"line":86,"column":10}}],"line":47},"2":{"loc":{"start":{"line":47,"column":10},"end":{"line":47,"column":59}},"type":"binary-expr","locations":[{"start":{"line":47,"column":10},"end":{"line":47,"column":26}},{"start":{"line":47,"column":30},"end":{"line":47,"column":59}}],"line":47},"3":{"loc":{"start":{"line":75,"column":9},"end":{"line":79,"column":9}},"type":"cond-expr","locations":[{"start":{"line":76,"column":10},"end":{"line":76,"column":66}},{"start":{"line":78,"column":10},"end":{"line":78,"column":67}}],"line":75}},"s":{"0":1,"1":1,"2":16,"3":1,"4":1,"5":9,"6":8,"7":8,"8":8,"9":8,"10":3,"11":8,"12":0,"13":0,"14":8,"15":1,"16":1,"17":8,"18":0,"19":0,"20":8,"21":1},"f":{"0":1,"1":16,"2":9,"3":3,"4":0,"5":1,"6":0,"7":1},"b":{"0":[0,0],"1":[4,4],"2":[8,4],"3":[0,4]},"_coverageSchema":"1a1c01bbd47fc00a2c39e90264f33305004495a9","hash":"cf32b4dfe0551e853b4352a525c396938ab5ea57"}
,"/Users/saimanojratnakaram/Documents/projects/Namaste React/Food Delivery App/src/components/Cart.js": {"path":"/Users/saimanojratnakaram/Documents/projects/Namaste React/Food Delivery App/src/components/Cart.js","statementMap":{"0":{"start":{"line":6,"column":13},"end":{"line":59,"column":1}},"1":{"start":{"line":7,"column":20},"end":{"line":7,"column":60}},"2":{"start":{"line":7,"column":43},"end":{"line":7,"column":59}},"3":{"start":{"line":8,"column":20},"end":{"line":9,"column":55}},"4":{"start":{"line":9,"column":4},"end":{"line":9,"column":50}},"5":{"start":{"line":11,"column":24},"end":{"line":17,"column":4}},"6":{"start":{"line":12,"column":4},"end":{"line":16,"column":6}},"7":{"start":{"line":19,"column":2},"end":{"line":58,"column":4}}},"fnMap":{"0":{"name":"(anonymous_0)","decl":{"start":{"line":6,"column":13},"end":{"line":6,"column":14}},"loc":{"start":{"line":6,"column":19},"end":{"line":59,"column":1}},"line":6},"1":{"name":"(anonymous_1)","decl":{"start":{"line":7,"column":32},"end":{"line":7,"column":33}},"loc":{"start":{"line":7,"column":43},"end":{"line":7,"column":59}},"line":7},"2":{"name":"(anonymous_2)","decl":{"start":{"line":8,"column":37},"end":{"line":8,"column":38}},"loc":{"start":{"line":8,"column":76},"end":{"line":9,"column":51}},"line":8},"3":{"name":"(anonymous_3)","decl":{"start":{"line":11,"column":38},"end":{"line":11,"column":39}},"loc":{"start":{"line":12,"column":4},"end":{"line":16,"column":6}},"line":12}},"branchMap":{"0":{"loc":{"start":{"line":9,"column":28},"end":{"line":9,"column":49}},"type":"binary-expr","locations":[{"start":{"line":9,"column":28},"end":{"line":9,"column":33}},{"start":{"line":9,"column":37},"end":{"line":9,"column":49}}],"line":9},"1":{"loc":{"start":{"line":23,"column":11},"end":{"line":25,"column":34}},"type":"cond-expr","locations":[{"start":{"line":24,"column":14},"end":{"line":24,"column":50}},{"start":{"line":25,"column":14},"end":{"line":25,"column":34}}],"line":23},"2":{"loc":{"start":{"line":29,"column":13},"end":{"line":31,"column":38}},"type":"cond-expr","locations":[{"start":{"line":30,"column":16},"end":{"line":30,"column":35}},{"start":{"line":31,"column":16},"end":{"line":31,"column":38}}],"line":29},"3":{"loc":{"start":{"line":35,"column":7},"end":{"line":56,"column":7}},"type":"binary-expr","locations":[{"start":{"line":35,"column":7},"end":{"line":35,"column":25}},{"start":{"line":36,"column":8},"end":{"line":55,"column":11}}],"line":35}},"s":{"0":1,"1":5,"2":10,"3":5,"4":9,"5":5,"6":9,"7":5},"f":{"0":5,"1":10,"2":9,"3":9},"b":{"0":[9,0],"1":[4,1],"2":[4,1],"3":[5,4]},"_coverageSchema":"1a1c01bbd47fc00a2c39e90264f33305004495a9","hash":"9556d0ace7bc4719604df36fdaa8d0ebac62a342"}
,"/Users/saimanojratnakaram/Documents/projects/Namaste React/Food Delivery App/src/components/DistItemCard.js": {"path":"/Users/saimanojratnakaram/Documents/projects/Namaste React/Food Delivery App/src/components/DistItemCard.js","statementMap":{"0":{"start":{"line":7,"column":21},"end":{"line":68,"column":1}},"1":{"start":{"line":8,"column":66},"end":{"line":8,"column":77}},"2":{"start":{"line":9,"column":19},"end":{"line":9,"column":32}},"3":{"start":{"line":10,"column":19},"end":{"line":12,"column":3}},"4":{"start":{"line":11,"column":4},"end":{"line":11,"column":51}},"5":{"start":{"line":11,"column":36},"end":{"line":11,"column":50}},"6":{"start":{"line":13,"column":29},"end":{"line":13,"column":55}},"7":{"start":{"line":14,"column":24},"end":{"line":16,"column":3}},"8":{"start":{"line":15,"column":4},"end":{"line":15,"column":66}},"9":{"start":{"line":17,"column":27},"end":{"line":19,"column":3}},"10":{"start":{"line":18,"column":4},"end":{"line":18,"column":33}},"11":{"start":{"line":20,"column":2},"end":{"line":67,"column":4}}},"fnMap":{"0":{"name":"(anonymous_0)","decl":{"start":{"line":7,"column":21},"end":{"line":7,"column":22}},"loc":{"start":{"line":7,"column":41},"end":{"line":68,"column":1}},"line":7},"1":{"name":"(anonymous_1)","decl":{"start":{"line":10,"column":31},"end":{"line":10,"column":32}},"loc":{"start":{"line":11,"column":4},"end":{"line":11,"column":51}},"line":11},"2":{"name":"(anonymous_2)","decl":{"start":{"line":11,"column":26},"end":{"line":11,"column":27}},"loc":{"start":{"line":11,"column":36},"end":{"line":11,"column":50}},"line":11},"3":{"name":"(anonymous_3)","decl":{"start":{"line":14,"column":24},"end":{"line":14,"column":25}},"loc":{"start":{"line":14,"column":30},"end":{"line":16,"column":3}},"line":14},"4":{"name":"(anonymous_4)","decl":{"start":{"line":17,"column":27},"end":{"line":17,"column":28}},"loc":{"start":{"line":17,"column":33},"end":{"line":19,"column":3}},"line":17}},"branchMap":{"0":{"loc":{"start":{"line":28,"column":36},"end":{"line":28,"column":69}},"type":"binary-expr","locations":[{"start":{"line":28,"column":36},"end":{"line":28,"column":47}},{"start":{"line":28,"column":51},"end":{"line":28,"column":69}}],"line":28},"1":{"loc":{"start":{"line":34,"column":11},"end":{"line":62,"column":11}},"type":"cond-expr","locations":[{"start":{"line":35,"column":12},"end":{"line":41,"column":21}},{"start":{"line":43,"column":12},"end":{"line":61,"column":18}}],"line":34},"2":{"loc":{"start":{"line":34,"column":11},"end":{"line":34,"column":45}},"type":"binary-expr","locations":[{"start":{"line":34,"column":11},"end":{"line":34,"column":20}},{"start":{"line":34,"column":24},"end":{"line":34,"column":45}}],"line":34}},"s":{"0":1,"1":36,"2":36,"3":36,"4":105,"5":172,"6":36,"7":36,"8":3,"9":36,"10":0,"11":36},"f":{"0":36,"1":105,"2":172,"3":3,"4":0},"b":{"0":[36,0],"1":[21,15],"2":[36,15]},"_coverageSchema":"1a1c01bbd47fc00a2c39e90264f33305004495a9","hash":"188af3b68f1ec66d40fdb43029690668ffc93f4c"}
,"/Users/saimanojratnakaram/Documents/projects/Namaste React/Food Delivery App/src/components/HeaderComponent.js": {"path":"/Users/saimanojratnakaram/Documents/projects/Namaste React/Food Delivery App/src/components/HeaderComponent.js","statementMap":{"0":{"start":{"line":10,"column":13},"end":{"line":16,"column":1}},"1":{"start":{"line":19,"column":21},"end":{"line":19,"column":48}},"2":{"start":{"line":20,"column":19},"end":{"line":20,"column":35}},"3":{"start":{"line":21,"column":2},"end":{"line":44,"column":4}}},"fnMap":{"0":{"name":"HeaderComponent","decl":{"start":{"line":18,"column":24},"end":{"line":18,"column":39}},"loc":{"start":{"line":18,"column":42},"end":{"line":45,"column":1}},"line":18}},"branchMap":{"0":{"loc":{"start":{"line":34,"column":30},"end":{"line":34,"column":70}},"type":"cond-expr","locations":[{"start":{"line":34,"column":47},"end":{"line":34,"column":60}},{"start":{"line":34,"column":63},"end":{"line":34,"column":70}}],"line":34},"1":{"loc":{"start":{"line":41,"column":6},"end":{"line":41,"column":219}},"type":"binary-expr","locations":[{"start":{"line":41,"column":6},"end":{"line":41,"column":15}},{"start":{"line":41,"column":19},"end":{"line":41,"column":219}}],"line":41}},"s":{"0":2,"1":3,"2":3,"3":3},"f":{"0":3},"b":{"0":[3,0],"1":[3,0]},"_coverageSchema":"1a1c01bbd47fc00a2c39e90264f33305004495a9","hash":"0aab59baea75a0eecfadcddea606279c2adcf85d"}
,"/Users/saimanojratnakaram/Documents/projects/Namaste React/Food Delivery App/src/components/NavList.js": {"path":"/Users/saimanojratnakaram/Documents/projects/Namaste React/Food Delivery App/src/components/NavList.js","statementMap":{"0":{"start":{"line":6,"column":19},"end":{"line":6,"column":55}},"1":{"start":{"line":6,"column":38},"end":{"line":6,"column":54}},"2":{"start":{"line":7,"column":15},"end":{"line":13,"column":4}},"3":{"start":{"line":8,"column":4},"end":{"line":12,"column":9}},"4":{"start":{"line":14,"column":2},"end":{"line":18,"column":4}}},"fnMap":{"0":{"name":"NavList","decl":{"start":{"line":5,"column":24},"end":{"line":5,"column":31}},"loc":{"start":{"line":5,"column":47},"end":{"line":19,"column":1}},"line":5},"1":{"name":"(anonymous_1)","decl":{"start":{"line":6,"column":31},"end":{"line":6,"column":32}},"loc":{"start":{"line":6,"column":38},"end":{"line":6,"column":54}},"line":6},"2":{"name":"(anonymous_2)","decl":{"start":{"line":7,"column":42},"end":{"line":7,"column":43}},"loc":{"start":{"line":8,"column":4},"end":{"line":12,"column":9}},"line":8}},"branchMap":{"0":{"loc":{"start":{"line":10,"column":7},"end":{"line":10,"column":189}},"type":"binary-expr","locations":[{"start":{"line":10,"column":7},"end":{"line":10,"column":47}},{"start":{"line":10,"column":51},"end":{"line":10,"column":189}}],"line":10},"1":{"loc":{"start":{"line":10,"column":10},"end":{"line":10,"column":46}},"type":"binary-expr","locations":[{"start":{"line":10,"column":10},"end":{"line":10,"column":27}},{"start":{"line":10,"column":31},"end":{"line":10,"column":46}}],"line":10}},"s":{"0":6,"1":12,"2":6,"3":30,"4":6},"f":{"0":6,"1":12,"2":30},"b":{"0":[30,3],"1":[30,6]},"_coverageSchema":"1a1c01bbd47fc00a2c39e90264f33305004495a9","hash":"72f49c3d91934005b46b68e35fe4101b237d0540"}
,"/Users/saimanojratnakaram/Documents/projects/Namaste React/Food Delivery App/src/components/Pagination.js": {"path":"/Users/saimanojratnakaram/Documents/projects/Namaste React/Food Delivery App/src/components/Pagination.js","statementMap":{"0":{"start":{"line":4,"column":16},"end":{"line":4,"column":18}},"1":{"start":{"line":5,"column":2},"end":{"line":7,"column":3}},"2":{"start":{"line":5,"column":13},"end":{"line":5,"column":14}},"3":{"start":{"line":6,"column":4},"end":{"line":6,"column":18}},"4":{"start":{"line":8,"column":27},"end":{"line":12,"column":3}},"5":{"start":{"line":9,"column":4},"end":{"line":11,"column":5}},"6":{"start":{"line":10,"column":6},"end":{"line":10,"column":38}},"7":{"start":{"line":13,"column":2},"end":{"line":29,"column":4}},"8":{"start":{"line":16,"column":8},"end":{"line":26,"column":10}},"9":{"start":{"line":19,"column":28},"end":{"line":19,"column":47}}},"fnMap":{"0":{"name":"Pagination","decl":{"start":{"line":3,"column":24},"end":{"line":3,"column":34}},"loc":{"start":{"line":3,"column":92},"end":{"line":30,"column":1}},"line":3},"1":{"name":"(anonymous_1)","decl":{"start":{"line":8,"column":27},"end":{"line":8,"column":28}},"loc":{"start":{"line":8,"column":34},"end":{"line":12,"column":3}},"line":8},"2":{"name":"(anonymous_2)","decl":{"start":{"line":15,"column":17},"end":{"line":15,"column":18}},"loc":{"start":{"line":15,"column":36},"end":{"line":27,"column":7}},"line":15},"3":{"name":"(anonymous_3)","decl":{"start":{"line":19,"column":21},"end":{"line":19,"column":22}},"loc":{"start":{"line":19,"column":28},"end":{"line":19,"column":47}},"line":19}},"branchMap":{"0":{"loc":{"start":{"line":9,"column":4},"end":{"line":11,"column":5}},"type":"if","locations":[{"start":{"line":9,"column":4},"end":{"line":11,"column":5}},{"start":{},"end":{}}],"line":9},"1":{"loc":{"start":{"line":21,"column":14},"end":{"line":21,"column":68}},"type":"cond-expr","locations":[{"start":{"line":21,"column":38},"end":{"line":21,"column":63}},{"start":{"line":21,"column":66},"end":{"line":21,"column":68}}],"line":21}},"s":{"0":4,"1":4,"2":4,"3":40,"4":4,"5":0,"6":0,"7":4,"8":40,"9":0},"f":{"0":4,"1":0,"2":40,"3":0},"b":{"0":[0,0],"1":[4,36]},"_coverageSchema":"1a1c01bbd47fc00a2c39e90264f33305004495a9","hash":"2ef8c97e3476e525cc545d59a297b9cf0d46e372"}
,"/Users/saimanojratnakaram/Documents/projects/Namaste React/Food Delivery App/src/components/RestaurentDetails.js": {"path":"/Users/saimanojratnakaram/Documents/projects/Namaste React/Food Delivery App/src/components/RestaurentDetails.js","statementMap":{"0":{"start":{"line":6,"column":26},"end":{"line":92,"column":1}},"1":{"start":{"line":7,"column":27},"end":{"line":7,"column":38}},"2":{"start":{"line":9,"column":4},"end":{"line":9,"column":38}},"3":{"start":{"line":10,"column":26},"end":{"line":13,"column":4}},"4":{"start":{"line":12,"column":4},"end":{"line":12,"column":71}},"5":{"start":{"line":14,"column":2},"end":{"line":91,"column":4}}},"fnMap":{"0":{"name":"(anonymous_0)","decl":{"start":{"line":6,"column":26},"end":{"line":6,"column":27}},"loc":{"start":{"line":6,"column":32},"end":{"line":92,"column":1}},"line":6},"1":{"name":"(anonymous_1)","decl":{"start":{"line":10,"column":51},"end":{"line":10,"column":52}},"loc":{"start":{"line":10,"column":68},"end":{"line":13,"column":3}},"line":10}},"branchMap":{"0":{"loc":{"start":{"line":14,"column":9},"end":{"line":91,"column":3}},"type":"cond-expr","locations":[{"start":{"line":15,"column":4},"end":{"line":88,"column":10}},{"start":{"line":90,"column":4},"end":{"line":90,"column":31}}],"line":14},"1":{"loc":{"start":{"line":28,"column":14},"end":{"line":32,"column":32}},"type":"cond-expr","locations":[{"start":{"line":29,"column":18},"end":{"line":29,"column":34}},{"start":{"line":30,"column":18},"end":{"line":32,"column":32}}],"line":28},"2":{"loc":{"start":{"line":30,"column":18},"end":{"line":32,"column":32}},"type":"cond-expr","locations":[{"start":{"line":31,"column":18},"end":{"line":31,"column":35}},{"start":{"line":32,"column":18},"end":{"line":32,"column":32}}],"line":30}},"s":{"0":1,"1":4,"2":4,"3":4,"4":24,"5":4},"f":{"0":4,"1":24},"b":{"0":[2,2],"1":[2,0],"2":[0,0]},"_coverageSchema":"1a1c01bbd47fc00a2c39e90264f33305004495a9","hash":"be2cac4a0dbb9b47581c0d74592c43ff4ae82947"}
,"/Users/saimanojratnakaram/Documents/projects/Namaste React/Food Delivery App/src/components/RestaurentItems.js": {"path":"/Users/saimanojratnakaram/Documents/projects/Namaste React/Food Delivery App/src/components/RestaurentItems.js","statementMap":{"0":{"start":{"line":6,"column":16},"end":{"line":12,"column":4}},"1":{"start":{"line":7,"column":4},"end":{"line":11,"column":11}},"2":{"start":{"line":13,"column":2},"end":{"line":17,"column":4}}},"fnMap":{"0":{"name":"RestaurentItems","decl":{"start":{"line":5,"column":24},"end":{"line":5,"column":39}},"loc":{"start":{"line":5,"column":61},"end":{"line":18,"column":1}},"line":5},"1":{"name":"(anonymous_1)","decl":{"start":{"line":6,"column":37},"end":{"line":6,"column":38}},"loc":{"start":{"line":7,"column":4},"end":{"line":11,"column":11}},"line":7}},"branchMap":{},"s":{"0":4,"1":35,"2":4},"f":{"0":4,"1":35},"b":{},"_coverageSchema":"1a1c01bbd47fc00a2c39e90264f33305004495a9","hash":"f22ab146a18f55adebe1f95dbc210b514435500a"}
,"/Users/saimanojratnakaram/Documents/projects/Namaste React/Food Delivery App/src/components/Shimmer.js": {"path":"/Users/saimanojratnakaram/Documents/projects/Namaste React/Food Delivery App/src/components/Shimmer.js","statementMap":{"0":{"start":{"line":4,"column":23},"end":{"line":10,"column":4}},"1":{"start":{"line":5,"column":4},"end":{"line":9,"column":6}},"2":{"start":{"line":11,"column":2},"end":{"line":11,"column":92}}},"fnMap":{"0":{"name":"Shimmer","decl":{"start":{"line":3,"column":24},"end":{"line":3,"column":31}},"loc":{"start":{"line":3,"column":48},"end":{"line":12,"column":1}},"line":3},"1":{"name":"(anonymous_1)","decl":{"start":{"line":4,"column":50},"end":{"line":4,"column":51}},"loc":{"start":{"line":4,"column":65},"end":{"line":10,"column":3}},"line":4}},"branchMap":{},"s":{"0":6,"1":80,"2":6},"f":{"0":6,"1":80},"b":{},"_coverageSchema":"1a1c01bbd47fc00a2c39e90264f33305004495a9","hash":"0909d858e4f66b9e00ce0f9469094f2703213c4c"}
,"/Users/saimanojratnakaram/Documents/projects/Namaste React/Food Delivery App/src/hooks/useRestaurentDetails.js": {"path":"/Users/saimanojratnakaram/Documents/projects/Namaste React/Food Delivery App/src/hooks/useRestaurentDetails.js","statementMap":{"0":{"start":{"line":5,"column":29},"end":{"line":26,"column":1}},"1":{"start":{"line":7,"column":58},"end":{"line":7,"column":72}},"2":{"start":{"line":8,"column":48},"end":{"line":8,"column":62}},"3":{"start":{"line":9,"column":4},"end":{"line":11,"column":13}},"4":{"start":{"line":10,"column":8},"end":{"line":10,"column":33}},"5":{"start":{"line":13,"column":37},"end":{"line":23,"column":7}},"6":{"start":{"line":14,"column":20},"end":{"line":16,"column":9}},"7":{"start":{"line":17,"column":25},"end":{"line":17,"column":41}},"8":{"start":{"line":18,"column":8},"end":{"line":21,"column":10}},"9":{"start":{"line":22,"column":8},"end":{"line":22,"column":70}},"10":{"start":{"line":24,"column":6},"end":{"line":24,"column":51}}},"fnMap":{"0":{"name":"(anonymous_0)","decl":{"start":{"line":5,"column":29},"end":{"line":5,"column":30}},"loc":{"start":{"line":5,"column":46},"end":{"line":26,"column":1}},"line":5},"1":{"name":"(anonymous_1)","decl":{"start":{"line":9,"column":14},"end":{"line":9,"column":15}},"loc":{"start":{"line":9,"column":20},"end":{"line":11,"column":7}},"line":9},"2":{"name":"(anonymous_2)","decl":{"start":{"line":13,"column":37},"end":{"line":13,"column":38}},"loc":{"start":{"line":13,"column":49},"end":{"line":23,"column":7}},"line":13}},"branchMap":{},"s":{"0":1,"1":4,"2":4,"3":4,"4":2,"5":4,"6":2,"7":2,"8":2,"9":2,"10":4},"f":{"0":4,"1":2,"2":2},"b":{},"_coverageSchema":"1a1c01bbd47fc00a2c39e90264f33305004495a9","hash":"e556951e00912841cc3a94930dfe4565cdcbae83"}
,"/Users/saimanojratnakaram/Documents/projects/Namaste React/Food Delivery App/src/hooks/useRestaurentsList.js": {"path":"/Users/saimanojratnakaram/Documents/projects/Namaste React/Food Delivery App/src/hooks/useRestaurentsList.js","statementMap":{"0":{"start":{"line":5,"column":27},"end":{"line":21,"column":1}},"1":{"start":{"line":6,"column":56},"end":{"line":6,"column":68}},"2":{"start":{"line":7,"column":4},"end":{"line":9,"column":22}},"3":{"start":{"line":8,"column":8},"end":{"line":8,"column":29}},"4":{"start":{"line":11,"column":25},"end":{"line":11,"column":67}},"5":{"start":{"line":12,"column":21},"end":{"line":14,"column":9}},"6":{"start":{"line":15,"column":25},"end":{"line":15,"column":42}},"7":{"start":{"line":16,"column":30},"end":{"line":16,"column":100}},"8":{"start":{"line":16,"column":68},"end":{"line":16,"column":99}},"9":{"start":{"line":17,"column":8},"end":{"line":17,"column":107}},"10":{"start":{"line":20,"column":6},"end":{"line":20,"column":87}}},"fnMap":{"0":{"name":"(anonymous_0)","decl":{"start":{"line":5,"column":27},"end":{"line":5,"column":28}},"loc":{"start":{"line":5,"column":42},"end":{"line":21,"column":1}},"line":5},"1":{"name":"(anonymous_1)","decl":{"start":{"line":7,"column":14},"end":{"line":7,"column":15}},"loc":{"start":{"line":7,"column":20},"end":{"line":9,"column":7}},"line":7},"2":{"name":"getRestaurentsList","decl":{"start":{"line":10,"column":21},"end":{"line":10,"column":39}},"loc":{"start":{"line":10,"column":42},"end":{"line":18,"column":7}},"line":10},"3":{"name":"(anonymous_3)","decl":{"start":{"line":16,"column":60},"end":{"line":16,"column":61}},"loc":{"start":{"line":16,"column":68},"end":{"line":16,"column":99}},"line":16}},"branchMap":{"0":{"loc":{"start":{"line":11,"column":25},"end":{"line":11,"column":67}},"type":"cond-expr","locations":[{"start":{"line":11,"column":42},"end":{"line":11,"column":64}},{"start":{"line":11,"column":66},"end":{"line":11,"column":67}}],"line":11}},"s":{"0":1,"1":8,"2":8,"3":2,"4":2,"5":2,"6":2,"7":2,"8":32,"9":2,"10":8},"f":{"0":8,"1":2,"2":2,"3":32},"b":{"0":[0,2]},"_coverageSchema":"1a1c01bbd47fc00a2c39e90264f33305004495a9","hash":"1e04739e24d2b517940ba12657c3b1d95be53b41"}
,"/Users/saimanojratnakaram/Documents/projects/Namaste React/Food Delivery App/src/mock/dummy_data/dummy_restaurentItemsDetails.js": {"path":"/Users/saimanojratnakaram/Documents/projects/Namaste React/Food Delivery App/src/mock/dummy_data/dummy_restaurentItemsDetails.js","statementMap":{"0":{"start":{"line":1,"column":38},"end":{"line":2102,"column":1}}},"fnMap":{},"branchMap":{},"s":{"0":1},"f":{},"b":{},"_coverageSchema":"1a1c01bbd47fc00a2c39e90264f33305004495a9","hash":"a0a1ac43c507b7de1a0fd5f31288c525027b42df"}
,"/Users/saimanojratnakaram/Documents/projects/Namaste React/Food Delivery App/src/mock/dummy_data/dumy_restaurentData.js": {"path":"/Users/saimanojratnakaram/Documents/projects/Namaste React/Food Delivery App/src/mock/dummy_data/dumy_restaurentData.js","statementMap":{"0":{"start":{"line":1,"column":29},"end":{"line":1859,"column":1}}},"fnMap":{},"branchMap":{},"s":{"0":1},"f":{},"b":{},"_coverageSchema":"1a1c01bbd47fc00a2c39e90264f33305004495a9","hash":"0cfdea2393e88b8607fef75abe3724bdd57df02b"}
,"/Users/saimanojratnakaram/Documents/projects/Namaste React/Food Delivery App/src/mock/images/dummyLogo.js": {"path":"/Users/saimanojratnakaram/Documents/projects/Namaste React/Food Delivery App/src/mock/images/dummyLogo.js","statementMap":{},"fnMap":{},"branchMap":{},"s":{},"f":{},"b":{},"_coverageSchema":"1a1c01bbd47fc00a2c39e90264f33305004495a9","hash":"59205b58f96129139e197b5c8988ca23f84e4443"}
,"/Users/saimanojratnakaram/Documents/projects/Namaste React/Food Delivery App/src/utils/constants.js": {"path":"/Users/saimanojratnakaram/Documents/projects/Namaste React/Food Delivery App/src/utils/constants.js","statementMap":{"0":{"start":{"line":1,"column":24},"end":{"line":1,"column":169}},"1":{"start":{"line":2,"column":23},"end":{"line":2,"column":114}},"2":{"start":{"line":3,"column":38},"end":{"line":3,"column":159}},"3":{"start":{"line":4,"column":32},"end":{"line":4,"column":109}},"4":{"start":{"line":5,"column":26},"end":{"line":5,"column":71}},"5":{"start":{"line":6,"column":36},"end":{"line":6,"column":38}}},"fnMap":{},"branchMap":{},"s":{"0":2,"1":2,"2":2,"3":2,"4":2,"5":2},"f":{},"b":{},"_coverageSchema":"1a1c01bbd47fc00a2c39e90264f33305004495a9","hash":"4c6165fd7decea4d0894e6fb0af9ad2c522449ec"}
,"/Users/saimanojratnakaram/Documents/projects/Namaste React/Food Delivery App/src/utils/store.js": {"path":"/Users/saimanojratnakaram/Documents/projects/Namaste React/Food Delivery App/src/utils/store.js","statementMap":{"0":{"start":{"line":4,"column":14},"end":{"line":6,"column":2}}},"fnMap":{},"branchMap":{},"s":{"0":3},"f":{},"b":{},"_coverageSchema":"1a1c01bbd47fc00a2c39e90264f33305004495a9","hash":"1a0ff861da646b2a57c7ce415bf6bf14f36ccb50"}
}
