TN:
SF:src/components/BodyComponent.js
FN:9,(anonymous_0)
FN:10,(anonymous_1)
FN:16,(anonymous_2)
FN:25,(anonymous_3)
FN:30,(anonymous_4)
FN:36,(anonymous_5)
FN:40,(anonymous_6)
FN:62,(anonymous_7)
FNF:8
FNH:6
FNDA:1,(anonymous_0)
FNDA:16,(anonymous_1)
FNDA:9,(anonymous_2)
FNDA:3,(anonymous_3)
FNDA:0,(anonymous_4)
FNDA:1,(anonymous_5)
FNDA:0,(anonymous_6)
FNDA:1,(anonymous_7)
DA:9,1
DA:10,1
DA:11,16
DA:13,1
DA:16,1
DA:19,9
DA:20,8
DA:21,8
DA:22,8
DA:25,8
DA:26,3
DA:30,8
DA:31,0
DA:32,0
DA:36,8
DA:37,1
DA:38,1
DA:40,8
DA:41,0
DA:42,0
DA:47,8
DA:63,1
LF:22
LH:18
BRDA:31,0,0,0
BRDA:31,0,1,0
BRDA:47,1,0,4
BRDA:47,1,1,4
BRDA:47,2,0,8
BRDA:47,2,1,4
BRDA:75,3,0,0
BRDA:75,3,1,4
BRF:8
BRH:5
end_of_record
TN:
SF:src/components/Cart.js
FN:6,(anonymous_0)
FN:7,(anonymous_1)
FN:8,(anonymous_2)
FN:11,(anonymous_3)
FNF:4
FNH:4
FNDA:5,(anonymous_0)
FNDA:10,(anonymous_1)
FNDA:9,(anonymous_2)
FNDA:9,(anonymous_3)
DA:6,1
DA:7,10
DA:8,5
DA:9,9
DA:11,5
DA:12,9
DA:19,5
LF:7
LH:7
BRDA:9,0,0,9
BRDA:9,0,1,0
BRDA:23,1,0,4
BRDA:23,1,1,1
BRDA:29,2,0,4
BRDA:29,2,1,1
BRDA:35,3,0,5
BRDA:35,3,1,4
BRF:8
BRH:7
end_of_record
TN:
SF:src/components/DistItemCard.js
FN:7,(anonymous_0)
FN:10,(anonymous_1)
FN:11,(anonymous_2)
FN:14,(anonymous_3)
FN:17,(anonymous_4)
FNF:5
FNH:4
FNDA:36,(anonymous_0)
FNDA:105,(anonymous_1)
FNDA:172,(anonymous_2)
FNDA:3,(anonymous_3)
FNDA:0,(anonymous_4)
DA:7,1
DA:8,36
DA:9,36
DA:10,36
DA:11,172
DA:13,36
DA:14,36
DA:15,3
DA:17,36
DA:18,0
DA:20,36
LF:11
LH:10
BRDA:28,0,0,36
BRDA:28,0,1,0
BRDA:34,1,0,21
BRDA:34,1,1,15
BRDA:34,2,0,36
BRDA:34,2,1,15
BRF:6
BRH:5
end_of_record
TN:
SF:src/components/HeaderComponent.js
FN:18,HeaderComponent
FNF:1
FNH:1
FNDA:3,HeaderComponent
DA:10,2
DA:19,3
DA:20,3
DA:21,3
LF:4
LH:4
BRDA:34,0,0,3
BRDA:34,0,1,0
BRDA:41,1,0,3
BRDA:41,1,1,0
BRF:4
BRH:2
end_of_record
TN:
SF:src/components/NavList.js
FN:5,NavList
FN:6,(anonymous_1)
FN:7,(anonymous_2)
FNF:3
FNH:3
FNDA:6,NavList
FNDA:12,(anonymous_1)
FNDA:30,(anonymous_2)
DA:6,12
DA:7,6
DA:8,30
DA:14,6
LF:4
LH:4
BRDA:10,0,0,30
BRDA:10,0,1,3
BRDA:10,1,0,30
BRDA:10,1,1,6
BRF:4
BRH:4
end_of_record
TN:
SF:src/components/Pagination.js
FN:3,Pagination
FN:8,(anonymous_1)
FN:15,(anonymous_2)
FN:19,(anonymous_3)
FNF:4
FNH:2
FNDA:4,Pagination
FNDA:0,(anonymous_1)
FNDA:40,(anonymous_2)
FNDA:0,(anonymous_3)
DA:4,4
DA:5,4
DA:6,40
DA:8,4
DA:9,0
DA:10,0
DA:13,4
DA:16,40
DA:19,0
LF:9
LH:6
BRDA:9,0,0,0
BRDA:9,0,1,0
BRDA:21,1,0,4
BRDA:21,1,1,36
BRF:4
BRH:2
end_of_record
TN:
SF:src/components/RestaurentDetails.js
FN:6,(anonymous_0)
FN:10,(anonymous_1)
FNF:2
FNH:2
FNDA:4,(anonymous_0)
FNDA:24,(anonymous_1)
DA:6,1
DA:7,4
DA:9,4
DA:10,4
DA:12,24
DA:14,4
LF:6
LH:6
BRDA:14,0,0,2
BRDA:14,0,1,2
BRDA:28,1,0,2
BRDA:28,1,1,0
BRDA:30,2,0,0
BRDA:30,2,1,0
BRF:6
BRH:3
end_of_record
TN:
SF:src/components/RestaurentItems.js
FN:5,RestaurentItems
FN:6,(anonymous_1)
FNF:2
FNH:2
FNDA:4,RestaurentItems
FNDA:35,(anonymous_1)
DA:6,4
DA:7,35
DA:13,4
LF:3
LH:3
BRF:0
BRH:0
end_of_record
TN:
SF:src/components/Shimmer.js
FN:3,Shimmer
FN:4,(anonymous_1)
FNF:2
FNH:2
FNDA:6,Shimmer
FNDA:80,(anonymous_1)
DA:4,6
DA:5,80
DA:11,6
LF:3
LH:3
BRF:0
BRH:0
end_of_record
TN:
SF:src/hooks/useRestaurentDetails.js
FN:5,(anonymous_0)
FN:9,(anonymous_1)
FN:13,(anonymous_2)
FNF:3
FNH:3
FNDA:4,(anonymous_0)
FNDA:2,(anonymous_1)
FNDA:2,(anonymous_2)
DA:5,1
DA:7,4
DA:8,4
DA:9,4
DA:10,2
DA:13,4
DA:14,2
DA:17,2
DA:18,2
DA:22,2
DA:24,4
LF:11
LH:11
BRF:0
BRH:0
end_of_record
TN:
SF:src/hooks/useRestaurentsList.js
FN:5,(anonymous_0)
FN:7,(anonymous_1)
FN:10,getRestaurentsList
FN:16,(anonymous_3)
FNF:4
FNH:4
FNDA:8,(anonymous_0)
FNDA:2,(anonymous_1)
FNDA:2,getRestaurentsList
FNDA:32,(anonymous_3)
DA:5,1
DA:6,8
DA:7,8
DA:8,2
DA:11,2
DA:12,2
DA:15,2
DA:16,32
DA:17,2
DA:20,8
LF:10
LH:10
BRDA:11,0,0,0
BRDA:11,0,1,2
BRF:2
BRH:1
end_of_record
TN:
SF:src/mock/dummy_data/dummy_restaurentItemsDetails.js
FNF:0
FNH:0
DA:1,1
LF:1
LH:1
BRF:0
BRH:0
end_of_record
TN:
SF:src/mock/dummy_data/dumy_restaurentData.js
FNF:0
FNH:0
DA:1,1
LF:1
LH:1
BRF:0
BRH:0
end_of_record
TN:
SF:src/mock/images/dummyLogo.js
FNF:0
FNH:0
LF:0
LH:0
BRF:0
BRH:0
end_of_record
TN:
SF:src/utils/constants.js
FNF:0
FNH:0
DA:1,2
DA:2,2
DA:3,2
DA:4,2
DA:5,2
DA:6,2
LF:6
LH:6
BRF:0
BRH:0
end_of_record
TN:
SF:src/utils/store.js
FNF:0
FNH:0
DA:4,3
LF:1
LH:1
BRF:0
BRH:0
end_of_record
